<?xml version="1.0" encoding="UTF-8"?>
<testsuites name="jest tests" tests="7" failures="2" errors="0" time="2.898">
  <testsuite name="undefined" errors="0" failures="0" skipped="0" timestamp="2025-12-30T20:28:37" time="1.125" tests="2">
    <testcase classname=" Right components created" name=" Right components created" time="0.002">
    </testcase>
    <testcase classname=" App.js has MyContainer.js component" name=" App.js has MyContainer.js component" time="0.013">
    </testcase>
  </testsuite>
  <testsuite name="undefined" errors="0" failures="0" skipped="0" timestamp="2025-12-30T20:28:37" time="1.144" tests="1">
    <testcase classname=" List takes props" name=" List takes props" time="0.017">
    </testcase>
  </testsuite>
  <testsuite name="undefined" errors="0" failures="0" skipped="0" timestamp="2025-12-30T20:28:37" time="1.155" tests="2">
    <testcase classname=" React is imported" name=" React is imported" time="0.001">
    </testcase>
    <testcase classname=" renders &apos;hello world&apos;" name=" renders &apos;hello world&apos;" time="0.014">
    </testcase>
  </testsuite>
  <testsuite name="MyContainer" errors="0" failures="1" skipped="0" timestamp="2025-12-30T20:28:37" time="1.179" tests="1">
    <testcase classname="MyContainer should input text and display it on the page when the button is clicked" name="MyContainer should input text and display it on the page when the button is clicked" time="0.041">
      <failure>TestingLibraryElementError: Unable to find an accessible element with the role &quot;textbox&quot;

Here are the accessible roles:

  heading:

  Name &quot;this is list header&quot;:
  &lt;h1 /&gt;

  --------------------------------------------------
  list:

  Name &quot;&quot;:
  &lt;ol /&gt;

  --------------------------------------------------
  listitem:

  Name &quot;&quot;:
  &lt;li /&gt;

  Name &quot;&quot;:
  &lt;li /&gt;

  --------------------------------------------------

Ignored nodes: comments, script, style
&lt;body&gt;
  &lt;div&gt;
    &lt;div&gt;
      &lt;h1&gt;
        this is list header
      &lt;/h1&gt;
      &lt;ol&gt;
        &lt;li&gt;
          This is first task
        &lt;/li&gt;
        &lt;li&gt;
          This is second task
        &lt;/li&gt;
      &lt;/ol&gt;
    &lt;/div&gt;
  &lt;/div&gt;
&lt;/body&gt;
    at Object.getElementError (/Users/bishal/week9_bishal_react/node_modules/@testing-library/dom/dist/config.js:37:19)
    at /Users/bishal/week9_bishal_react/node_modules/@testing-library/dom/dist/query-helpers.js:76:38
    at /Users/bishal/week9_bishal_react/node_modules/@testing-library/dom/dist/query-helpers.js:52:17
    at /Users/bishal/week9_bishal_react/node_modules/@testing-library/dom/dist/query-helpers.js:95:19
    at Object.&lt;anonymous&gt; (/Users/bishal/week9_bishal_react/src/__test__/task4.test.tsx:10:28)
    at Promise.finally.completed (/Users/bishal/week9_bishal_react/node_modules/jest-circus/build/jestAdapterInit.js:1557:28)
    at new Promise (&lt;anonymous&gt;)
    at callAsyncCircusFn (/Users/bishal/week9_bishal_react/node_modules/jest-circus/build/jestAdapterInit.js:1497:10)
    at _callCircusTest (/Users/bishal/week9_bishal_react/node_modules/jest-circus/build/jestAdapterInit.js:1007:40)
    at processTicksAndRejections (node:internal/process/task_queues:105:5)
    at _runTest (/Users/bishal/week9_bishal_react/node_modules/jest-circus/build/jestAdapterInit.js:947:3)
    at /Users/bishal/week9_bishal_react/node_modules/jest-circus/build/jestAdapterInit.js:849:7
    at _runTestsForDescribeBlock (/Users/bishal/week9_bishal_react/node_modules/jest-circus/build/jestAdapterInit.js:862:11)
    at _runTestsForDescribeBlock (/Users/bishal/week9_bishal_react/node_modules/jest-circus/build/jestAdapterInit.js:857:11)
    at run (/Users/bishal/week9_bishal_react/node_modules/jest-circus/build/jestAdapterInit.js:761:3)
    at runAndTransformResultsToJestFormat (/Users/bishal/week9_bishal_react/node_modules/jest-circus/build/jestAdapterInit.js:1918:21)
    at jestAdapter (/Users/bishal/week9_bishal_react/node_modules/jest-circus/build/runner.js:101:19)
    at runTestInternal (/Users/bishal/week9_bishal_react/node_modules/jest-runner/build/testWorker.js:275:16)
    at runTest (/Users/bishal/week9_bishal_react/node_modules/jest-runner/build/testWorker.js:343:7)
    at Object.worker (/Users/bishal/week9_bishal_react/node_modules/jest-runner/build/testWorker.js:497:12)</failure>
    </testcase>
  </testsuite>
  <testsuite name="undefined" errors="0" failures="1" skipped="0" timestamp="2025-12-30T20:28:37" time="2.24" tests="1">
    <testcase classname=" conditional rendering" name=" conditional rendering" time="1.045">
      <failure>Error: expect(received).toBe(expected) // Object.is equality

Expected: &quot;line-through&quot;
Received: &quot;&quot;

Ignored nodes: comments, script, style
&lt;html&gt;
  &lt;head /&gt;
  &lt;body&gt;
    &lt;div&gt;
      &lt;div&gt;
        &lt;h1&gt;
          this is list header
        &lt;/h1&gt;
        &lt;ol&gt;
          &lt;li&gt;
            This is first task
          &lt;/li&gt;
          &lt;li&gt;
            This is second task
          &lt;/li&gt;
        &lt;/ol&gt;
      &lt;/div&gt;
    &lt;/div&gt;
  &lt;/body&gt;
&lt;/html&gt;
    at /Users/bishal/week9_bishal_react/src/__test__/task5.test.tsx:18:36
    at runWithExpensiveErrorDiagnosticsDisabled (/Users/bishal/week9_bishal_react/node_modules/@testing-library/dom/dist/config.js:47:12)
    at checkCallback (/Users/bishal/week9_bishal_react/node_modules/@testing-library/dom/dist/wait-for.js:124:77)
    at checkRealTimersCallback (/Users/bishal/week9_bishal_react/node_modules/@testing-library/dom/dist/wait-for.js:118:16)
    at Timeout.task [as _onTimeout] (/Users/bishal/week9_bishal_react/node_modules/jsdom/lib/jsdom/browser/Window.js:579:19)
    at listOnTimeout (node:internal/timers:608:17)
    at processTimers (node:internal/timers:543:7)</failure>
    </testcase>
  </testsuite>
</testsuites>